<?xml version="1.0" encoding="UTF-8"?>
<!-- Generated by org.testng.reporters.JUnitReportReporter -->
<testsuite hostname="ubuntu" name="test.ElasticSearchCRUDTest" tests="5" failures="0" timestamp="29 Nov 2016 15:54:47 GMT" time="5.396" errors="0">
  <testcase name="findDocument" time="0.093" classname="test.ElasticSearchCRUDTest"/>
  <testcase name="createIndex" time="2.871" classname="test.ElasticSearchCRUDTest"/>
  <testcase name="updateDocument" time="2.219" classname="test.ElasticSearchCRUDTest"/>
  <testcase name="findDocumentByIndex" time="0.112" classname="test.ElasticSearchCRUDTest"/>
  <testcase name="removeDocument" time="0.101" classname="test.ElasticSearchCRUDTest"/>
</testsuite> <!-- test.ElasticSearchCRUDTest -->
